Arguments: 
  C:\Program Files\nodejs\node.exe C:\Program Files (x86)\Yarn\bin\yarn.js add moment--save

PATH: 
  C:\Program Files\NVIDIA GPU Computing Toolkit\CUDA\v11.8\bin;C:\Program Files\NVIDIA GPU Computing Toolkit\CUDA\v11.8\libnvvp;C:\Program Files\Eclipse Adoptium\jdk-11.0.16.101-hotspot\bin;C:\Windows\;C:\Windows\System32;C:\SW_tool\JDK\JDK11\bin;C:\SW_tool\lib\maven-3.8.6\bin;C:\SW_tool\lib\posh-git\;C:\SW_tool\PowerShell-7.2.6\;C:\SW_tool\mysql\current\bin;C:\SW_tool\Python\Python310;C:\SW_tool\lib\scoop\apps\neovim-nightly\0.8.0-dev\bin;C:\Program Files\mingw64\bin;C:\Program Files\dotnet\;C:\Program Files\Bandizip\;C:\Program Files\Git\cmd;C:\Program Files\GitHub CLI\;C:\Program Files\Docker\Docker\resources\bin;C:\Program Files\ojdkbuild\java-17-openjdk-17.0.3.0.6-1\bin;C:\ProgramData\chocolatey\bin;C:\ProgramData\DockerDesktop\version-bin;C:\Program Files (x86)\Yarn\bin\;C:\Gradle\gradle-7.5.1\bin;C:\Program Files\nodejs\;C:\Program Files\NVIDIA Corporation\Nsight Compute 2022.3.0\;C:\Program Files (x86)\NVIDIA Corporation\PhysX\Common;C:\Program Files\NVIDIA Corporation\NVIDIA NvDLISR;C:\Program Files\PowerShell\7\;C:\Users\gusal\AppData\Local\Microsoft\WindowsApps;C:\Users\gusal\AppData\Local\Programs\Microsoft VS Code\bin;C:\Users\gusal\AppData\Local\GitHubDesktop\bin;C:\Users\gusal\.dotnet\tools;C:\Program Files\JetBrains\IntelliJ IDEA 2022.2.1\bin;C:\SW_tool\mysql\current\bin;C:\Users\gusal\AppData\Local\Android\Sdk;C:\Users\gusal\AppData\Local\Android\Sdk\platform-tools;C:\SW_tool\JDK\jdk-18.0.2.1\;C:\Users\gusal\AppData\Roaming\npm;C:\Program Files\JetBrains\IntelliJ IDEA Community Edition 2022.2.3\bin;

Yarn version: 
  1.22.19

Node version: 
  16.17.1

Platform: 
  win32 x64

Trace: 
  Error: https://registry.yarnpkg.com/moment--save: Not found
      at Request.params.callback [as _callback] (C:\Program Files (x86)\Yarn\lib\cli.js:66145:18)
      at Request.self.callback (C:\Program Files (x86)\Yarn\lib\cli.js:140890:22)
      at Request.emit (node:events:513:28)
      at Request.<anonymous> (C:\Program Files (x86)\Yarn\lib\cli.js:141862:10)
      at Request.emit (node:events:513:28)
      at IncomingMessage.<anonymous> (C:\Program Files (x86)\Yarn\lib\cli.js:141784:12)
      at Object.onceWrapper (node:events:627:28)
      at IncomingMessage.emit (node:events:525:35)
      at endReadableNT (node:internal/streams/readable:1358:12)
      at processTicksAndRejections (node:internal/process/task_queues:83:21)

npm manifest: 
  {
    "name": "xehub_task",
    "version": "1.0.0",
    "description": "hyeonmin task for intership task",
    "main": "index.js",
    "author": "ShinMini",
    "license": "MIT"
  }

yarn manifest: 
  No manifest

Lockfile: 
  No lockfile
